<?xml version="1.0" encoding="UTF-8"?>
<!-- Generated by org.testng.reporters.JUnitXMLReporter -->
<testsuite hostname="AshvinsLaptop" ignored="0" name="Default test" tests="5" failures="0" timestamp="2020-09-23T15:01:32 BST" time="12.751" errors="0">
  <testcase name="verifyLogo" time="2.784" classname="Pracice.E2EFramework.LandingPageTest"/>
  <testcase name="verifyNavigationBar" time="0.72" classname="Pracice.E2EFramework.LandingPageTest"/>
  <testcase name="verifyTelNo" time="0.694" classname="Pracice.E2EFramework.LandingPageTest"/>
  <testcase name="verifyBannerText" time="0.656" classname="Pracice.E2EFramework.LandingPageTest"/>
  <testcase name="navigateLandingPage" time="1.646" classname="Pracice.E2EFramework.LandingPageTest"/>
</testsuite> <!-- Default test -->
