<?xml version="1.0" encoding="UTF-8"?>
<!-- Generated by org.testng.reporters.JUnitXMLReporter -->
<testsuite hostname="AshvinsLaptop" ignored="0" name="Test" tests="7" failures="1" timestamp="2020-05-13T17:35:37 BST" time="25.992" errors="0">
  <testcase name="verifyLogo" time="3.534" classname="Pracice.E2EFramework.LandingPageTest">
    <failure type="java.lang.AssertionError" message="expected [FEATURED COURSES1] but found [FEATURED COURSES]">
      <![CDATA[java.lang.AssertionError: expected [FEATURED COURSES1] but found [FEATURED COURSES]
at pageObjectPattern.LandingPage.verifyTitle(LandingPage.java:43)
at Pracice.E2EFramework.LandingPageTest.verifyLogo(LandingPageTest.java:39)
at java.util.ArrayList.forEach(ArrayList.java:1257)
at java.util.concurrent.FutureTask.run(FutureTask.java:266)
at java.util.concurrent.ThreadPoolExecutor.runWorker(ThreadPoolExecutor.java:1149)
at java.util.concurrent.ThreadPoolExecutor$Worker.run(ThreadPoolExecutor.java:624)
at java.lang.Thread.run(Thread.java:748)
... Removed 23 stack frames]]>
    </failure>
  </testcase> <!-- verifyLogo -->
  <testcase name="verifyNavigationBar" time="1.483" classname="Pracice.E2EFramework.LandingPageTest"/>
  <testcase name="verifyTelNo" time="1.534" classname="Pracice.E2EFramework.LandingPageTest"/>
  <testcase name="verifyBannerText" time="1.298" classname="Pracice.E2EFramework.LandingPageTest"/>
  <testcase name="getLogin" time="12.602" classname="Pracice.E2EFramework.HomePageTest"/>
  <testcase name="navigateLandingPage" time="4.509" classname="Pracice.E2EFramework.LandingPageTest"/>
  <testcase name="getLogin" time="6.242" classname="Pracice.E2EFramework.HomePageTest"/>
</testsuite> <!-- Test -->
