<?xml version="1.0" encoding="UTF-8"?>
<!-- Generated by org.testng.reporters.JUnitXMLReporter -->
<testsuite hostname="AshvinsLaptop" ignored="0" name="Test123" tests="5" failures="1" timestamp="2020-05-13T17:32:35 BST" time="15.723" errors="0">
  <testcase name="verifyLogo" time="3.018" classname="Pracice.E2EFramework.LandingPageTest">
    <failure type="java.lang.AssertionError" message="expected [FEATURED COURSES1] but found [FEATURED COURSES]">
      <![CDATA[java.lang.AssertionError: expected [FEATURED COURSES1] but found [FEATURED COURSES]
at pageObjectPattern.LandingPage.verifyTitle(LandingPage.java:43)
at Pracice.E2EFramework.LandingPageTest.verifyLogo(LandingPageTest.java:39)
at java.util.ArrayList.forEach(ArrayList.java:1257)
... Removed 32 stack frames]]>
    </failure>
  </testcase> <!-- verifyLogo -->
  <testcase name="verifyNavigationBar" time="0.82" classname="Pracice.E2EFramework.LandingPageTest"/>
  <testcase name="verifyTelNo" time="0.748" classname="Pracice.E2EFramework.LandingPageTest"/>
  <testcase name="verifyBannerText" time="0.876" classname="Pracice.E2EFramework.LandingPageTest"/>
  <testcase name="navigateLandingPage" time="3.801" classname="Pracice.E2EFramework.LandingPageTest"/>
</testsuite> <!-- Test123 -->
