<?xml version="1.0" encoding="UTF-8"?>
<!-- Generated by org.testng.reporters.JUnitXMLReporter -->
<testsuite hostname="AshvinsLaptop" ignored="0" name="HomePageTest" tests="11" failures="0" timestamp="2020-06-09T01:18:11 BST" time="57.466" errors="0">
  <testcase name="getLogin" time="6.315" classname="Pracice.E2EFramework.HomePageTest"/>
  <testcase name="getLogin" time="5.5" classname="Pracice.E2EFramework.HomePageTest"/>
  <testcase name="verifyLogo" time="2.206" classname="Pracice.E2EFramework.LandingPageTest"/>
  <testcase name="verifyNavigationBar" time="0.653" classname="Pracice.E2EFramework.LandingPageTest"/>
  <testcase name="verifyTelNo" time="0.619" classname="Pracice.E2EFramework.LandingPageTest"/>
  <testcase name="verifyBannerText" time="0.644" classname="Pracice.E2EFramework.LandingPageTest"/>
  <testcase name="navigateLandingPage" time="2.789" classname="Pracice.E2EFramework.LandingPageTest"/>
  <testcase name="verifyRegisterPage" time="4.508" classname="Pracice.E2EFramework.RegisterPageTest"/>
  <testcase name="verifylogo" time="2.976" classname="Pracice.E2EFramework.RegisterPageTest"/>
  <testcase name="registerForm" time="5.23" classname="Pracice.E2EFramework.RegisterPageTest"/>
  <testcase name="registerFormError" time="4.04" classname="Pracice.E2EFramework.RegisterPageTest"/>
</testsuite> <!-- HomePageTest -->
